# JRE version: Java(TM) SE Runtime Environment (8.0_111-b14) (build 1.8.0_111-b14)
# Java VM: Java HotSpot(TM) 64-Bit Server VM (25.111-b14 mixed mode windows-amd64 compressed oops)
Heap:
 PSYoungGen      total 198656K, used 75381K [0x00000000ec400000, 0x0000000100000000, 0x0000000100000000)
  eden space 136192K, 9% used [0x00000000ec400000,0x00000000ed0a29b8,0x00000000f4900000)
  from space 62464K, 99% used [0x00000000fc300000,0x00000000ffffab00,0x0000000100000000)
  to   space 93696K, 0% used [0x00000000f4900000,0x00000000f4900000,0x00000000fa480000)
 ParOldGen       total 317440K, used 250629K [0x00000000c4c00000, 0x00000000d8200000, 0x00000000ec400000)
  object space 317440K, 78% used [0x00000000c4c00000,0x00000000d40c17a0,0x00000000d8200000)
 Metaspace       used 15858K, capacity 16082K, committed 16384K, reserved 1064960K
  class space    used 1611K, capacity 1708K, committed 1792K, reserved 1048576K
GC Heap History (10 events):
Event: 3.560 GC heap before
{Heap before GC invocations=16 (full 3):
 PSYoungGen      total 243200K, used 223558K [0x00000000ec400000, 0x00000000ff900000, 0x0000000100000000)
  eden space 206336K, 100% used [0x00000000ec400000,0x00000000f8d80000,0x00000000f8d80000)
  from space 36864K, 46% used [0x00000000fd500000,0x00000000fe5d1900,0x00000000ff900000)
  to   space 48640K, 0% used [0x00000000f9a00000,0x00000000f9a00000,0x00000000fc980000)
 ParOldGen       total 212992K, used 137297K [0x00000000c4c00000, 0x00000000d1c00000, 0x00000000ec400000)
  object space 212992K, 64% used [0x00000000c4c00000,0x00000000cd214790,0x00000000d1c00000)
 Metaspace       used 15784K, capacity 16076K, committed 16384K, reserved 1064960K
  class space    used 1603K, capacity 1707K, committed 1792K, reserved 1048576K
Event: 3.632 GC heap after
Heap after GC invocations=16 (full 3):
 PSYoungGen      total 267776K, used 48625K [0x00000000ec400000, 0x0000000100000000, 0x0000000100000000)
  eden space 219136K, 0% used [0x00000000ec400000,0x00000000ec400000,0x00000000f9a00000)
  from space 48640K, 99% used [0x00000000f9a00000,0x00000000fc97c518,0x00000000fc980000)
  to   space 55808K, 0% used [0x00000000fc980000,0x00000000fc980000,0x0000000100000000)
 ParOldGen       total 212992K, used 141564K [0x00000000c4c00000, 0x00000000d1c00000, 0x00000000ec400000)
  object space 212992K, 66% used [0x00000000c4c00000,0x00000000cd63f158,0x00000000d1c00000)
 Metaspace       used 15784K, capacity 16076K, committed 16384K, reserved 1064960K
  class space    used 1603K, capacity 1707K, committed 1792K, reserved 1048576K
}
Event: 3.742 GC heap before
{Heap before GC invocations=17 (full 3):
 PSYoungGen      total 267776K, used 267761K [0x00000000ec400000, 0x0000000100000000, 0x0000000100000000)
  eden space 219136K, 100% used [0x00000000ec400000,0x00000000f9a00000,0x00000000f9a00000)
  from space 48640K, 99% used [0x00000000f9a00000,0x00000000fc97c518,0x00000000fc980000)
  to   space 55808K, 0% used [0x00000000fc980000,0x00000000fc980000,0x0000000100000000)
 ParOldGen       total 212992K, used 141564K [0x00000000c4c00000, 0x00000000d1c00000, 0x00000000ec400000)
  object space 212992K, 66% used [0x00000000c4c00000,0x00000000cd63f158,0x00000000d1c00000)
 Metaspace       used 15784K, capacity 16076K, committed 16384K, reserved 1064960K
  class space    used 1603K, capacity 1707K, committed 1792K, reserved 1048576K
Event: 3.829 GC heap after
Heap after GC invocations=17 (full 3):
 PSYoungGen      total 256512K, used 41034K [0x00000000ec400000, 0x0000000100000000, 0x0000000100000000)
  eden space 200704K, 0% used [0x00000000ec400000,0x00000000ec400000,0x00000000f8800000)
  from space 55808K, 73% used [0x00000000fc980000,0x00000000ff192b00,0x0000000100000000)
  to   space 61440K, 0% used [0x00000000f8800000,0x00000000f8800000,0x00000000fc400000)
 ParOldGen       total 212992K, used 189724K [0x00000000c4c00000, 0x00000000d1c00000, 0x00000000ec400000)
  object space 212992K, 89% used [0x00000000c4c00000,0x00000000d0547178,0x00000000d1c00000)
 Metaspace       used 15784K, capacity 16076K, committed 16384K, reserved 1064960K
  class space    used 1603K, capacity 1707K, committed 1792K, reserved 1048576K
}
Event: 3.829 GC heap before
{Heap before GC invocations=18 (full 4):
 PSYoungGen      total 256512K, used 41034K [0x00000000ec400000, 0x0000000100000000, 0x0000000100000000)
  eden space 200704K, 0% used [0x00000000ec400000,0x00000000ec400000,0x00000000f8800000)
  from space 55808K, 73% used [0x00000000fc980000,0x00000000ff192b00,0x0000000100000000)
  to   space 61440K, 0% used [0x00000000f8800000,0x00000000f8800000,0x00000000fc400000)
 ParOldGen       total 212992K, used 189724K [0x00000000c4c00000, 0x00000000d1c00000, 0x00000000ec400000)
  object space 212992K, 89% used [0x00000000c4c00000,0x00000000d0547178,0x00000000d1c00000)
 Metaspace       used 15784K, capacity 16076K, committed 16384K, reserved 1064960K
  class space    used 1603K, capacity 1707K, committed 1792K, reserved 1048576K
Event: 4.378 GC heap after
Heap after GC invocations=18 (full 4):
 PSYoungGen      total 256512K, used 17399K [0x00000000ec400000, 0x0000000100000000, 0x0000000100000000)
  eden space 200704K, 0% used [0x00000000ec400000,0x00000000ec400000,0x00000000f8800000)
  from space 55808K, 31% used [0x00000000fc980000,0x00000000fda7df10,0x0000000100000000)
  to   space 61440K, 0% used [0x00000000f8800000,0x00000000f8800000,0x00000000fc400000)
 ParOldGen       total 317440K, used 212933K [0x00000000c4c00000, 0x00000000d8200000, 0x00000000ec400000)
  object space 317440K, 67% used [0x00000000c4c00000,0x00000000d1bf17a0,0x00000000d8200000)
 Metaspace       used 15784K, capacity 16076K, committed 16384K, reserved 1064960K
  class space    used 1603K, capacity 1707K, committed 1792K, reserved 1048576K
}
Event: 4.518 GC heap before
{Heap before GC invocations=19 (full 4):
 PSYoungGen      total 256512K, used 218103K [0x00000000ec400000, 0x0000000100000000, 0x0000000100000000)
  eden space 200704K, 100% used [0x00000000ec400000,0x00000000f8800000,0x00000000f8800000)
  from space 55808K, 31% used [0x00000000fc980000,0x00000000fda7df10,0x0000000100000000)
  to   space 61440K, 0% used [0x00000000f8800000,0x00000000f8800000,0x00000000fc400000)
 ParOldGen       total 317440K, used 212933K [0x00000000c4c00000, 0x00000000d8200000, 0x00000000ec400000)
  object space 317440K, 67% used [0x00000000c4c00000,0x00000000d1bf17a0,0x00000000d8200000)
 Metaspace       used 15784K, capacity 16076K, committed 16384K, reserved 1064960K
  class space    used 1603K, capacity 1707K, committed 1792K, reserved 1048576K
Event: 4.587 GC heap after
Heap after GC invocations=19 (full 4):
 PSYoungGen      total 261120K, used 60135K [0x00000000ec400000, 0x0000000100000000, 0x0000000100000000)
  eden space 200704K, 0% used [0x00000000ec400000,0x00000000ec400000,0x00000000f8800000)
  from space 60416K, 99% used [0x00000000f8800000,0x00000000fc2b9cb8,0x00000000fc300000)
  to   space 62464K, 0% used [0x00000000fc300000,0x00000000fc300000,0x0000000100000000)
 ParOldGen       total 317440K, used 212933K [0x00000000c4c00000, 0x00000000d8200000, 0x00000000ec400000)
  object space 317440K, 67% used [0x00000000c4c00000,0x00000000d1bf17a0,0x00000000d8200000)
 Metaspace       used 15784K, capacity 16076K, committed 16384K, reserved 1064960K
  class space    used 1603K, capacity 1707K, committed 1792K, reserved 1048576K
}
Event: 5.378 GC heap before
{Heap before GC invocations=20 (full 4):
 PSYoungGen      total 261120K, used 260839K [0x00000000ec400000, 0x0000000100000000, 0x0000000100000000)
  eden space 200704K, 100% used [0x00000000ec400000,0x00000000f8800000,0x00000000f8800000)
  from space 60416K, 99% used [0x00000000f8800000,0x00000000fc2b9cb8,0x00000000fc300000)
  to   space 62464K, 0% used [0x00000000fc300000,0x00000000fc300000,0x0000000100000000)
 ParOldGen       total 317440K, used 212933K [0x00000000c4c00000, 0x00000000d8200000, 0x00000000ec400000)
  object space 317440K, 67% used [0x00000000c4c00000,0x00000000d1bf17a0,0x00000000d8200000)
 Metaspace       used 15798K, capacity 16076K, committed 16384K, reserved 1064960K
  class space    used 1605K, capacity 1707K, committed 1792K, reserved 1048576K
Event: 5.481 GC heap after
Heap after GC invocations=20 (full 4):
 PSYoungGen      total 198656K, used 62442K [0x00000000ec400000, 0x0000000100000000, 0x0000000100000000)
  eden space 136192K, 0% used [0x00000000ec400000,0x00000000ec400000,0x00000000f4900000)
  from space 62464K, 99% used [0x00000000fc300000,0x00000000ffffab00,0x0000000100000000)
  to   space 93696K, 0% used [0x00000000f4900000,0x00000000f4900000,0x00000000fa480000)
 ParOldGen       total 317440K, used 250629K [0x00000000c4c00000, 0x00000000d8200000, 0x00000000ec400000)
  object space 317440K, 78% used [0x00000000c4c00000,0x00000000d40c17a0,0x00000000d8200000)
 Metaspace       used 15798K, capacity 16076K, committed 16384K, reserved 1064960K
  class space    used 1605K, capacity 1707K, committed 1792K, reserved 1048576K
}

