# JRE version: Java(TM) SE Runtime Environment (8.0_111-b14) (build 1.8.0_111-b14)
# Java VM: Java HotSpot(TM) 64-Bit Server VM (25.111-b14 mixed mode windows-amd64 compressed oops)
Heap:
 PSYoungGen      total 198656K, used 73352K [0x00000000ec400000, 0x0000000100000000, 0x0000000100000000)
  eden space 136192K, 8% used [0x00000000ec400000,0x00000000ecea7670,0x00000000f4900000)
  from space 62464K, 99% used [0x00000000fc300000,0x00000000ffffab00,0x0000000100000000)
  to   space 93696K, 0% used [0x00000000f4900000,0x00000000f4900000,0x00000000fa480000)
 ParOldGen       total 317440K, used 250618K [0x00000000c4c00000, 0x00000000d8200000, 0x00000000ec400000)
  object space 317440K, 78% used [0x00000000c4c00000,0x00000000d40be838,0x00000000d8200000)
 Metaspace       used 15897K, capacity 16146K, committed 16384K, reserved 1064960K
  class space    used 1628K, capacity 1708K, committed 1792K, reserved 1048576K
GC Heap History (10 events):
Event: 6.301 GC heap before
{Heap before GC invocations=16 (full 3):
 PSYoungGen      total 242688K, used 222939K [0x00000000ec400000, 0x00000000ffa00000, 0x0000000100000000)
  eden space 205312K, 100% used [0x00000000ec400000,0x00000000f8c80000,0x00000000f8c80000)
  from space 37376K, 47% used [0x00000000fd580000,0x00000000fe6b6f40,0x00000000ffa00000)
  to   space 48640K, 0% used [0x00000000f9b00000,0x00000000f9b00000,0x00000000fca80000)
 ParOldGen       total 214016K, used 137484K [0x00000000c4c00000, 0x00000000d1d00000, 0x00000000ec400000)
  object space 214016K, 64% used [0x00000000c4c00000,0x00000000cd243270,0x00000000d1d00000)
 Metaspace       used 15791K, capacity 16076K, committed 16384K, reserved 1064960K
  class space    used 1611K, capacity 1707K, committed 1792K, reserved 1048576K
Event: 6.420 GC heap after
Heap after GC invocations=16 (full 3):
 PSYoungGen      total 268800K, used 48625K [0x00000000ec400000, 0x0000000100000000, 0x0000000100000000)
  eden space 220160K, 0% used [0x00000000ec400000,0x00000000ec400000,0x00000000f9b00000)
  from space 48640K, 99% used [0x00000000f9b00000,0x00000000fca7c518,0x00000000fca80000)
  to   space 54784K, 0% used [0x00000000fca80000,0x00000000fca80000,0x0000000100000000)
 ParOldGen       total 214016K, used 141647K [0x00000000c4c00000, 0x00000000d1d00000, 0x00000000ec400000)
  object space 214016K, 66% used [0x00000000c4c00000,0x00000000cd653c38,0x00000000d1d00000)
 Metaspace       used 15791K, capacity 16076K, committed 16384K, reserved 1064960K
  class space    used 1611K, capacity 1707K, committed 1792K, reserved 1048576K
}
Event: 6.691 GC heap before
{Heap before GC invocations=17 (full 3):
 PSYoungGen      total 268800K, used 268785K [0x00000000ec400000, 0x0000000100000000, 0x0000000100000000)
  eden space 220160K, 100% used [0x00000000ec400000,0x00000000f9b00000,0x00000000f9b00000)
  from space 48640K, 99% used [0x00000000f9b00000,0x00000000fca7c518,0x00000000fca80000)
  to   space 54784K, 0% used [0x00000000fca80000,0x00000000fca80000,0x0000000100000000)
 ParOldGen       total 214016K, used 141647K [0x00000000c4c00000, 0x00000000d1d00000, 0x00000000ec400000)
  object space 214016K, 66% used [0x00000000c4c00000,0x00000000cd653c38,0x00000000d1d00000)
 Metaspace       used 15792K, capacity 16076K, committed 16384K, reserved 1064960K
  class space    used 1611K, capacity 1707K, committed 1792K, reserved 1048576K
Event: 7.303 GC heap after
Heap after GC invocations=17 (full 3):
 PSYoungGen      total 255488K, used 41354K [0x00000000ec400000, 0x0000000100000000, 0x0000000100000000)
  eden space 200704K, 0% used [0x00000000ec400000,0x00000000ec400000,0x00000000f8800000)
  from space 54784K, 75% used [0x00000000fca80000,0x00000000ff2e2b00,0x0000000100000000)
  to   space 61440K, 0% used [0x00000000f8800000,0x00000000f8800000,0x00000000fc400000)
 ParOldGen       total 214016K, used 189791K [0x00000000c4c00000, 0x00000000d1d00000, 0x00000000ec400000)
  object space 214016K, 88% used [0x00000000c4c00000,0x00000000d0557c58,0x00000000d1d00000)
 Metaspace       used 15792K, capacity 16076K, committed 16384K, reserved 1064960K
  class space    used 1611K, capacity 1707K, committed 1792K, reserved 1048576K
}
Event: 7.304 GC heap before
{Heap before GC invocations=18 (full 4):
 PSYoungGen      total 255488K, used 41354K [0x00000000ec400000, 0x0000000100000000, 0x0000000100000000)
  eden space 200704K, 0% used [0x00000000ec400000,0x00000000ec400000,0x00000000f8800000)
  from space 54784K, 75% used [0x00000000fca80000,0x00000000ff2e2b00,0x0000000100000000)
  to   space 61440K, 0% used [0x00000000f8800000,0x00000000f8800000,0x00000000fc400000)
 ParOldGen       total 214016K, used 189791K [0x00000000c4c00000, 0x00000000d1d00000, 0x00000000ec400000)
  object space 214016K, 88% used [0x00000000c4c00000,0x00000000d0557c58,0x00000000d1d00000)
 Metaspace       used 15792K, capacity 16076K, committed 16384K, reserved 1064960K
  class space    used 1611K, capacity 1707K, committed 1792K, reserved 1048576K
Event: 8.569 GC heap after
Heap after GC invocations=18 (full 4):
 PSYoungGen      total 255488K, used 17208K [0x00000000ec400000, 0x0000000100000000, 0x0000000100000000)
  eden space 200704K, 0% used [0x00000000ec400000,0x00000000ec400000,0x00000000f8800000)
  from space 54784K, 31% used [0x00000000fca80000,0x00000000fdb4e3f0,0x0000000100000000)
  to   space 61440K, 0% used [0x00000000f8800000,0x00000000f8800000,0x00000000fc400000)
 ParOldGen       total 317440K, used 213522K [0x00000000c4c00000, 0x00000000d8200000, 0x00000000ec400000)
  object space 317440K, 67% used [0x00000000c4c00000,0x00000000d1c84838,0x00000000d8200000)
 Metaspace       used 15792K, capacity 16076K, committed 16384K, reserved 1064960K
  class space    used 1611K, capacity 1707K, committed 1792K, reserved 1048576K
}
Event: 8.971 GC heap before
{Heap before GC invocations=19 (full 4):
 PSYoungGen      total 255488K, used 217912K [0x00000000ec400000, 0x0000000100000000, 0x0000000100000000)
  eden space 200704K, 100% used [0x00000000ec400000,0x00000000f8800000,0x00000000f8800000)
  from space 54784K, 31% used [0x00000000fca80000,0x00000000fdb4e3f0,0x0000000100000000)
  to   space 61440K, 0% used [0x00000000f8800000,0x00000000f8800000,0x00000000fc400000)
 ParOldGen       total 317440K, used 213522K [0x00000000c4c00000, 0x00000000d8200000, 0x00000000ec400000)
  object space 317440K, 67% used [0x00000000c4c00000,0x00000000d1c84838,0x00000000d8200000)
 Metaspace       used 15792K, capacity 16076K, committed 16384K, reserved 1064960K
  class space    used 1611K, capacity 1707K, committed 1792K, reserved 1048576K
Event: 9.350 GC heap after
Heap after GC invocations=19 (full 4):
 PSYoungGen      total 261120K, used 60103K [0x00000000ec400000, 0x0000000100000000, 0x0000000100000000)
  eden space 200704K, 0% used [0x00000000ec400000,0x00000000ec400000,0x00000000f8800000)
  from space 60416K, 99% used [0x00000000f8800000,0x00000000fc2b1cb8,0x00000000fc300000)
  to   space 62464K, 0% used [0x00000000fc300000,0x00000000fc300000,0x0000000100000000)
 ParOldGen       total 317440K, used 213522K [0x00000000c4c00000, 0x00000000d8200000, 0x00000000ec400000)
  object space 317440K, 67% used [0x00000000c4c00000,0x00000000d1c84838,0x00000000d8200000)
 Metaspace       used 15792K, capacity 16076K, committed 16384K, reserved 1064960K
  class space    used 1611K, capacity 1707K, committed 1792K, reserved 1048576K
}
Event: 10.998 GC heap before
{Heap before GC invocations=20 (full 4):
 PSYoungGen      total 261120K, used 260807K [0x00000000ec400000, 0x0000000100000000, 0x0000000100000000)
  eden space 200704K, 100% used [0x00000000ec400000,0x00000000f8800000,0x00000000f8800000)
  from space 60416K, 99% used [0x00000000f8800000,0x00000000fc2b1cb8,0x00000000fc300000)
  to   space 62464K, 0% used [0x00000000fc300000,0x00000000fc300000,0x0000000100000000)
 ParOldGen       total 317440K, used 213522K [0x00000000c4c00000, 0x00000000d8200000, 0x00000000ec400000)
  object space 317440K, 67% used [0x00000000c4c00000,0x00000000d1c84838,0x00000000d8200000)
 Metaspace       used 15795K, capacity 16076K, committed 16384K, reserved 1064960K
  class space    used 1611K, capacity 1707K, committed 1792K, reserved 1048576K
Event: 11.165 GC heap after
Heap after GC invocations=20 (full 4):
 PSYoungGen      total 198656K, used 62442K [0x00000000ec400000, 0x0000000100000000, 0x0000000100000000)
  eden space 136192K, 0% used [0x00000000ec400000,0x00000000ec400000,0x00000000f4900000)
  from space 62464K, 99% used [0x00000000fc300000,0x00000000ffffab00,0x0000000100000000)
  to   space 93696K, 0% used [0x00000000f4900000,0x00000000f4900000,0x00000000fa480000)
 ParOldGen       total 317440K, used 250618K [0x00000000c4c00000, 0x00000000d8200000, 0x00000000ec400000)
  object space 317440K, 78% used [0x00000000c4c00000,0x00000000d40be838,0x00000000d8200000)
 Metaspace       used 15795K, capacity 16076K, committed 16384K, reserved 1064960K
  class space    used 1611K, capacity 1707K, committed 1792K, reserved 1048576K
}

