# JRE version: Java(TM) SE Runtime Environment (8.0_111-b14) (build 1.8.0_111-b14)
# Java VM: Java HotSpot(TM) 64-Bit Server VM (25.111-b14 mixed mode windows-amd64 compressed oops)
Heap:
 PSYoungGen      total 184320K, used 181772K [0x00000000ec400000, 0x0000000100000000, 0x0000000100000000)
  eden space 110592K, 99% used [0x00000000ec400000,0x00000000f2f97178,0x00000000f3000000)
  from space 73728K, 97% used [0x00000000fb800000,0x00000000ffdebe90,0x0000000100000000)
  to   space 106496K, 0% used [0x00000000f3000000,0x00000000f3000000,0x00000000f9800000)
 ParOldGen       total 332288K, used 223855K [0x00000000c4c00000, 0x00000000d9080000, 0x00000000ec400000)
  object space 332288K, 67% used [0x00000000c4c00000,0x00000000d269bdb0,0x00000000d9080000)
 Metaspace       used 16142K, capacity 16412K, committed 16640K, reserved 1064960K
  class space    used 1629K, capacity 1709K, committed 1792K, reserved 1048576K
GC Heap History (10 events):
Event: 11.207 GC heap before
{Heap before GC invocations=16 (full 3):
 PSYoungGen      total 236032K, used 202045K [0x00000000ec400000, 0x00000000fec00000, 0x0000000100000000)
  eden space 193024K, 100% used [0x00000000ec400000,0x00000000f8080000,0x00000000f8080000)
  from space 43008K, 20% used [0x00000000faf00000,0x00000000fb7cf538,0x00000000fd900000)
  to   space 47616K, 0% used [0x00000000f8080000,0x00000000f8080000,0x00000000faf00000)
 ParOldGen       total 224256K, used 142441K [0x00000000c4c00000, 0x00000000d2700000, 0x00000000ec400000)
  object space 224256K, 63% used [0x00000000c4c00000,0x00000000cd71a548,0x00000000d2700000)
 Metaspace       used 15784K, capacity 16076K, committed 16384K, reserved 1064960K
  class space    used 1608K, capacity 1707K, committed 1792K, reserved 1048576K
Event: 11.610 GC heap after
Heap after GC invocations=16 (full 3):
 PSYoungGen      total 240640K, used 42992K [0x00000000ec400000, 0x0000000100000000, 0x0000000100000000)
  eden space 193024K, 0% used [0x00000000ec400000,0x00000000ec400000,0x00000000f8080000)
  from space 47616K, 90% used [0x00000000f8080000,0x00000000faa7c378,0x00000000faf00000)
  to   space 53760K, 0% used [0x00000000fcb80000,0x00000000fcb80000,0x0000000100000000)
 ParOldGen       total 224256K, used 142449K [0x00000000c4c00000, 0x00000000d2700000, 0x00000000ec400000)
  object space 224256K, 63% used [0x00000000c4c00000,0x00000000cd71c548,0x00000000d2700000)
 Metaspace       used 15784K, capacity 16076K, committed 16384K, reserved 1064960K
  class space    used 1608K, capacity 1707K, committed 1792K, reserved 1048576K
}
Event: 12.026 GC heap before
{Heap before GC invocations=17 (full 3):
 PSYoungGen      total 240640K, used 236016K [0x00000000ec400000, 0x0000000100000000, 0x0000000100000000)
  eden space 193024K, 100% used [0x00000000ec400000,0x00000000f8080000,0x00000000f8080000)
  from space 47616K, 90% used [0x00000000f8080000,0x00000000faa7c378,0x00000000faf00000)
  to   space 53760K, 0% used [0x00000000fcb80000,0x00000000fcb80000,0x0000000100000000)
 ParOldGen       total 224256K, used 142449K [0x00000000c4c00000, 0x00000000d2700000, 0x00000000ec400000)
  object space 224256K, 63% used [0x00000000c4c00000,0x00000000cd71c548,0x00000000d2700000)
 Metaspace       used 15784K, capacity 16076K, committed 16384K, reserved 1064960K
  class space    used 1608K, capacity 1707K, committed 1792K, reserved 1048576K
Event: 12.400 GC heap after
Heap after GC invocations=17 (full 3):
 PSYoungGen      total 233984K, used 53759K [0x00000000ec400000, 0x0000000100000000, 0x0000000100000000)
  eden space 180224K, 0% used [0x00000000ec400000,0x00000000ec400000,0x00000000f7400000)
  from space 53760K, 99% used [0x00000000fcb80000,0x00000000ffffff38,0x0000000100000000)
  to   space 71680K, 0% used [0x00000000f7400000,0x00000000f7400000,0x00000000fba00000)
 ParOldGen       total 224256K, used 166577K [0x00000000c4c00000, 0x00000000d2700000, 0x00000000ec400000)
  object space 224256K, 74% used [0x00000000c4c00000,0x00000000ceeac548,0x00000000d2700000)
 Metaspace       used 15784K, capacity 16076K, committed 16384K, reserved 1064960K
  class space    used 1608K, capacity 1707K, committed 1792K, reserved 1048576K
}
Event: 12.663 GC heap before
{Heap before GC invocations=18 (full 3):
 PSYoungGen      total 233984K, used 233983K [0x00000000ec400000, 0x0000000100000000, 0x0000000100000000)
  eden space 180224K, 100% used [0x00000000ec400000,0x00000000f7400000,0x00000000f7400000)
  from space 53760K, 99% used [0x00000000fcb80000,0x00000000ffffff38,0x0000000100000000)
  to   space 71680K, 0% used [0x00000000f7400000,0x00000000f7400000,0x00000000fba00000)
 ParOldGen       total 224256K, used 166577K [0x00000000c4c00000, 0x00000000d2700000, 0x00000000ec400000)
  object space 224256K, 74% used [0x00000000c4c00000,0x00000000ceeac548,0x00000000d2700000)
 Metaspace       used 15784K, capacity 16076K, committed 16384K, reserved 1064960K
  class space    used 1608K, capacity 1707K, committed 1792K, reserved 1048576K
Event: 12.826 GC heap after
Heap after GC invocations=18 (full 3):
 PSYoungGen      total 249856K, used 69549K [0x00000000ec400000, 0x0000000100000000, 0x0000000100000000)
  eden space 180224K, 0% used [0x00000000ec400000,0x00000000ec400000,0x00000000f7400000)
  from space 69632K, 99% used [0x00000000f7400000,0x00000000fb7eb620,0x00000000fb800000)
  to   space 73728K, 0% used [0x00000000fb800000,0x00000000fb800000,0x0000000100000000)
 ParOldGen       total 224256K, used 187081K [0x00000000c4c00000, 0x00000000d2700000, 0x00000000ec400000)
  object space 224256K, 83% used [0x00000000c4c00000,0x00000000d02b2568,0x00000000d2700000)
 Metaspace       used 15784K, capacity 16076K, committed 16384K, reserved 1064960K
  class space    used 1608K, capacity 1707K, committed 1792K, reserved 1048576K
}
Event: 12.984 GC heap before
{Heap before GC invocations=19 (full 3):
 PSYoungGen      total 249856K, used 249773K [0x00000000ec400000, 0x0000000100000000, 0x0000000100000000)
  eden space 180224K, 100% used [0x00000000ec400000,0x00000000f7400000,0x00000000f7400000)
  from space 69632K, 99% used [0x00000000f7400000,0x00000000fb7eb620,0x00000000fb800000)
  to   space 73728K, 0% used [0x00000000fb800000,0x00000000fb800000,0x0000000100000000)
 ParOldGen       total 224256K, used 187081K [0x00000000c4c00000, 0x00000000d2700000, 0x00000000ec400000)
  object space 224256K, 83% used [0x00000000c4c00000,0x00000000d02b2568,0x00000000d2700000)
 Metaspace       used 15784K, capacity 16076K, committed 16384K, reserved 1064960K
  class space    used 1608K, capacity 1707K, committed 1792K, reserved 1048576K
Event: 13.254 GC heap after
Heap after GC invocations=19 (full 3):
 PSYoungGen      total 184320K, used 73724K [0x00000000ec400000, 0x0000000100000000, 0x0000000100000000)
  eden space 110592K, 0% used [0x00000000ec400000,0x00000000ec400000,0x00000000f3000000)
  from space 73728K, 99% used [0x00000000fb800000,0x00000000fffff018,0x0000000100000000)
  to   space 106496K, 0% used [0x00000000f3000000,0x00000000f3000000,0x00000000f9800000)
 ParOldGen       total 224256K, used 222169K [0x00000000c4c00000, 0x00000000d2700000, 0x00000000ec400000)
  object space 224256K, 99% used [0x00000000c4c00000,0x00000000d24f6568,0x00000000d2700000)
 Metaspace       used 15784K, capacity 16076K, committed 16384K, reserved 1064960K
  class space    used 1608K, capacity 1707K, committed 1792K, reserved 1048576K
}
Event: 13.254 GC heap before
{Heap before GC invocations=20 (full 4):
 PSYoungGen      total 184320K, used 73724K [0x00000000ec400000, 0x0000000100000000, 0x0000000100000000)
  eden space 110592K, 0% used [0x00000000ec400000,0x00000000ec400000,0x00000000f3000000)
  from space 73728K, 99% used [0x00000000fb800000,0x00000000fffff018,0x0000000100000000)
  to   space 106496K, 0% used [0x00000000f3000000,0x00000000f3000000,0x00000000f9800000)
 ParOldGen       total 224256K, used 222169K [0x00000000c4c00000, 0x00000000d2700000, 0x00000000ec400000)
  object space 224256K, 99% used [0x00000000c4c00000,0x00000000d24f6568,0x00000000d2700000)
 Metaspace       used 15784K, capacity 16076K, committed 16384K, reserved 1064960K
  class space    used 1608K, capacity 1707K, committed 1792K, reserved 1048576K
Event: 15.048 GC heap after
Heap after GC invocations=20 (full 4):
 PSYoungGen      total 184320K, used 71599K [0x00000000ec400000, 0x0000000100000000, 0x0000000100000000)
  eden space 110592K, 0% used [0x00000000ec400000,0x00000000ec400000,0x00000000f3000000)
  from space 73728K, 97% used [0x00000000fb800000,0x00000000ffdebe90,0x0000000100000000)
  to   space 106496K, 0% used [0x00000000f3000000,0x00000000f3000000,0x00000000f9800000)
 ParOldGen       total 332288K, used 223855K [0x00000000c4c00000, 0x00000000d9080000, 0x00000000ec400000)
  object space 332288K, 67% used [0x00000000c4c00000,0x00000000d269bdb0,0x00000000d9080000)
 Metaspace       used 15784K, capacity 16076K, committed 16384K, reserved 1064960K
  class space    used 1608K, capacity 1707K, committed 1792K, reserved 1048576K
}

