# JRE version: Java(TM) SE Runtime Environment (8.0_111-b14) (build 1.8.0_111-b14)
# Java VM: Java HotSpot(TM) 64-Bit Server VM (25.111-b14 mixed mode windows-amd64 compressed oops)
Heap:
 PSYoungGen      total 132608K, used 49263K [0x00000000ec400000, 0x00000000f6400000, 0x0000000100000000)
  eden space 115200K, 27% used [0x00000000ec400000,0x00000000ee3203e0,0x00000000f3480000)
  from space 17408K, 99% used [0x00000000f4a00000,0x00000000f5afb8d0,0x00000000f5b00000)
  to   space 22016K, 0% used [0x00000000f3480000,0x00000000f3480000,0x00000000f4a00000)
 ParOldGen       total 40960K, used 29189K [0x00000000c4c00000, 0x00000000c7400000, 0x00000000ec400000)
  object space 40960K, 71% used [0x00000000c4c00000,0x00000000c6881648,0x00000000c7400000)
 Metaspace       used 15945K, capacity 16210K, committed 16640K, reserved 1064960K
  class space    used 1628K, capacity 1708K, committed 1792K, reserved 1048576K
GC Heap History (10 events):
Event: 1.323 GC heap before
{Heap before GC invocations=4 (full 0):
 PSYoungGen      total 17920K, used 17904K [0x00000000ec400000, 0x00000000ee700000, 0x0000000100000000)
  eden space 15360K, 100% used [0x00000000ec400000,0x00000000ed300000,0x00000000ed300000)
  from space 2560K, 99% used [0x00000000ed300000,0x00000000ed57c010,0x00000000ed580000)
  to   space 2560K, 0% used [0x00000000ee480000,0x00000000ee480000,0x00000000ee700000)
 ParOldGen       total 40960K, used 5502K [0x00000000c4c00000, 0x00000000c7400000, 0x00000000ec400000)
  object space 40960K, 13% used [0x00000000c4c00000,0x00000000c515fbe0,0x00000000c7400000)
 Metaspace       used 15666K, capacity 15948K, committed 16384K, reserved 1064960K
  class space    used 1606K, capacity 1707K, committed 1792K, reserved 1048576K
Event: 1.333 GC heap after
Heap after GC invocations=4 (full 0):
 PSYoungGen      total 33280K, used 2531K [0x00000000ec400000, 0x00000000ee700000, 0x0000000100000000)
  eden space 30720K, 0% used [0x00000000ec400000,0x00000000ec400000,0x00000000ee200000)
  from space 2560K, 98% used [0x00000000ee480000,0x00000000ee6f8d58,0x00000000ee700000)
  to   space 2560K, 0% used [0x00000000ee200000,0x00000000ee200000,0x00000000ee480000)
 ParOldGen       total 40960K, used 8492K [0x00000000c4c00000, 0x00000000c7400000, 0x00000000ec400000)
  object space 40960K, 20% used [0x00000000c4c00000,0x00000000c544b120,0x00000000c7400000)
 Metaspace       used 15666K, capacity 15948K, committed 16384K, reserved 1064960K
  class space    used 1606K, capacity 1707K, committed 1792K, reserved 1048576K
}
Event: 1.399 GC heap before
{Heap before GC invocations=5 (full 0):
 PSYoungGen      total 33280K, used 33251K [0x00000000ec400000, 0x00000000ee700000, 0x0000000100000000)
  eden space 30720K, 100% used [0x00000000ec400000,0x00000000ee200000,0x00000000ee200000)
  from space 2560K, 98% used [0x00000000ee480000,0x00000000ee6f8d58,0x00000000ee700000)
  to   space 2560K, 0% used [0x00000000ee200000,0x00000000ee200000,0x00000000ee480000)
 ParOldGen       total 40960K, used 8492K [0x00000000c4c00000, 0x00000000c7400000, 0x00000000ec400000)
  object space 40960K, 20% used [0x00000000c4c00000,0x00000000c544b120,0x00000000c7400000)
 Metaspace       used 15676K, capacity 15948K, committed 16384K, reserved 1064960K
  class space    used 1606K, capacity 1707K, committed 1792K, reserved 1048576K
Event: 1.411 GC heap after
Heap after GC invocations=5 (full 0):
 PSYoungGen      total 33280K, used 2555K [0x00000000ec400000, 0x00000000f1100000, 0x0000000100000000)
  eden space 30720K, 0% used [0x00000000ec400000,0x00000000ec400000,0x00000000ee200000)
  from space 2560K, 99% used [0x00000000ee200000,0x00000000ee47ef00,0x00000000ee480000)
  to   space 8704K, 0% used [0x00000000f0880000,0x00000000f0880000,0x00000000f1100000)
 ParOldGen       total 40960K, used 14117K [0x00000000c4c00000, 0x00000000c7400000, 0x00000000ec400000)
  object space 40960K, 34% used [0x00000000c4c00000,0x00000000c59c9638,0x00000000c7400000)
 Metaspace       used 15676K, capacity 15948K, committed 16384K, reserved 1064960K
  class space    used 1606K, capacity 1707K, committed 1792K, reserved 1048576K
}
Event: 1.452 GC heap before
{Heap before GC invocations=6 (full 0):
 PSYoungGen      total 33280K, used 33275K [0x00000000ec400000, 0x00000000f1100000, 0x0000000100000000)
  eden space 30720K, 100% used [0x00000000ec400000,0x00000000ee200000,0x00000000ee200000)
  from space 2560K, 99% used [0x00000000ee200000,0x00000000ee47ef00,0x00000000ee480000)
  to   space 8704K, 0% used [0x00000000f0880000,0x00000000f0880000,0x00000000f1100000)
 ParOldGen       total 40960K, used 14117K [0x00000000c4c00000, 0x00000000c7400000, 0x00000000ec400000)
  object space 40960K, 34% used [0x00000000c4c00000,0x00000000c59c9638,0x00000000c7400000)
 Metaspace       used 15676K, capacity 15948K, committed 16384K, reserved 1064960K
  class space    used 1606K, capacity 1707K, committed 1792K, reserved 1048576K
Event: 1.465 GC heap after
Heap after GC invocations=6 (full 0):
 PSYoungGen      total 68608K, used 8690K [0x00000000ec400000, 0x00000000f1400000, 0x0000000100000000)
  eden space 59904K, 0% used [0x00000000ec400000,0x00000000ec400000,0x00000000efe80000)
  from space 8704K, 99% used [0x00000000f0880000,0x00000000f10fc9e0,0x00000000f1100000)
  to   space 10240K, 0% used [0x00000000efe80000,0x00000000efe80000,0x00000000f0880000)
 ParOldGen       total 40960K, used 14373K [0x00000000c4c00000, 0x00000000c7400000, 0x00000000ec400000)
  object space 40960K, 35% used [0x00000000c4c00000,0x00000000c5a09638,0x00000000c7400000)
 Metaspace       used 15676K, capacity 15948K, committed 16384K, reserved 1064960K
  class space    used 1606K, capacity 1707K, committed 1792K, reserved 1048576K
}
Event: 1.714 GC heap before
{Heap before GC invocations=7 (full 0):
 PSYoungGen      total 68608K, used 68594K [0x00000000ec400000, 0x00000000f1400000, 0x0000000100000000)
  eden space 59904K, 100% used [0x00000000ec400000,0x00000000efe80000,0x00000000efe80000)
  from space 8704K, 99% used [0x00000000f0880000,0x00000000f10fc9e0,0x00000000f1100000)
  to   space 10240K, 0% used [0x00000000efe80000,0x00000000efe80000,0x00000000f0880000)
 ParOldGen       total 40960K, used 14373K [0x00000000c4c00000, 0x00000000c7400000, 0x00000000ec400000)
  object space 40960K, 35% used [0x00000000c4c00000,0x00000000c5a09638,0x00000000c7400000)
 Metaspace       used 15771K, capacity 16076K, committed 16384K, reserved 1064960K
  class space    used 1608K, capacity 1707K, committed 1792K, reserved 1048576K
Event: 1.736 GC heap after
Heap after GC invocations=7 (full 0):
 PSYoungGen      total 70144K, used 10230K [0x00000000ec400000, 0x00000000f5b00000, 0x0000000100000000)
  eden space 59904K, 0% used [0x00000000ec400000,0x00000000ec400000,0x00000000efe80000)
  from space 10240K, 99% used [0x00000000efe80000,0x00000000f087d9d0,0x00000000f0880000)
  to   space 17408K, 0% used [0x00000000f4a00000,0x00000000f4a00000,0x00000000f5b00000)
 ParOldGen       total 40960K, used 24969K [0x00000000c4c00000, 0x00000000c7400000, 0x00000000ec400000)
  object space 40960K, 60% used [0x00000000c4c00000,0x00000000c6462520,0x00000000c7400000)
 Metaspace       used 15771K, capacity 16076K, committed 16384K, reserved 1064960K
  class space    used 1608K, capacity 1707K, committed 1792K, reserved 1048576K
}
Event: 1.777 GC heap before
{Heap before GC invocations=8 (full 0):
 PSYoungGen      total 70144K, used 70134K [0x00000000ec400000, 0x00000000f5b00000, 0x0000000100000000)
  eden space 59904K, 100% used [0x00000000ec400000,0x00000000efe80000,0x00000000efe80000)
  from space 10240K, 99% used [0x00000000efe80000,0x00000000f087d9d0,0x00000000f0880000)
  to   space 17408K, 0% used [0x00000000f4a00000,0x00000000f4a00000,0x00000000f5b00000)
 ParOldGen       total 40960K, used 24969K [0x00000000c4c00000, 0x00000000c7400000, 0x00000000ec400000)
  object space 40960K, 60% used [0x00000000c4c00000,0x00000000c6462520,0x00000000c7400000)
 Metaspace       used 15775K, capacity 16076K, committed 16384K, reserved 1064960K
  class space    used 1608K, capacity 1707K, committed 1792K, reserved 1048576K
Event: 1.807 GC heap after
Heap after GC invocations=8 (full 0):
 PSYoungGen      total 132608K, used 17390K [0x00000000ec400000, 0x00000000f6400000, 0x0000000100000000)
  eden space 115200K, 0% used [0x00000000ec400000,0x00000000ec400000,0x00000000f3480000)
  from space 17408K, 99% used [0x00000000f4a00000,0x00000000f5afb8d0,0x00000000f5b00000)
  to   space 22016K, 0% used [0x00000000f3480000,0x00000000f3480000,0x00000000f4a00000)
 ParOldGen       total 40960K, used 29189K [0x00000000c4c00000, 0x00000000c7400000, 0x00000000ec400000)
  object space 40960K, 71% used [0x00000000c4c00000,0x00000000c6881648,0x00000000c7400000)
 Metaspace       used 15775K, capacity 16076K, committed 16384K, reserved 1064960K
  class space    used 1608K, capacity 1707K, committed 1792K, reserved 1048576K
}

