# JRE version: Java(TM) SE Runtime Environment (8.0_111-b14) (build 1.8.0_111-b14)
# Java VM: Java HotSpot(TM) 64-Bit Server VM (25.111-b14 mixed mode windows-amd64 compressed oops)
Heap:
 PSYoungGen      total 224768K, used 92052K [0x00000000ec400000, 0x0000000100000000, 0x0000000100000000)
  eden space 153600K, 13% used [0x00000000ec400000,0x00000000ed86a7e8,0x00000000f5a00000)
  from space 71168K, 99% used [0x00000000fba80000,0x00000000ffffab00,0x0000000100000000)
  to   space 84992K, 0% used [0x00000000f5a00000,0x00000000f5a00000,0x00000000fad00000)
 ParOldGen       total 296448K, used 240812K [0x00000000c4c00000, 0x00000000d6d80000, 0x00000000ec400000)
  object space 296448K, 81% used [0x00000000c4c00000,0x00000000d372b320,0x00000000d6d80000)
 Metaspace       used 15863K, capacity 16082K, committed 16384K, reserved 1064960K
  class space    used 1616K, capacity 1708K, committed 1792K, reserved 1048576K
GC Heap History (10 events):
Event: 4.800 GC heap before
{Heap before GC invocations=16 (full 3):
 PSYoungGen      total 259072K, used 241121K [0x00000000ec400000, 0x00000000ffb00000, 0x0000000100000000)
  eden space 220160K, 100% used [0x00000000ec400000,0x00000000f9b00000,0x00000000f9b00000)
  from space 38912K, 53% used [0x00000000fd500000,0x00000000fe9785a8,0x00000000ffb00000)
  to   space 49152K, 0% used [0x00000000f9b00000,0x00000000f9b00000,0x00000000fcb00000)
 ParOldGen       total 205824K, used 134742K [0x00000000c4c00000, 0x00000000d1500000, 0x00000000ec400000)
  object space 205824K, 65% used [0x00000000c4c00000,0x00000000ccf95b68,0x00000000d1500000)
 Metaspace       used 15801K, capacity 16076K, committed 16384K, reserved 1064960K
  class space    used 1608K, capacity 1707K, committed 1792K, reserved 1048576K
Event: 4.908 GC heap after
Heap after GC invocations=16 (full 3):
 PSYoungGen      total 269312K, used 37617K [0x00000000ec400000, 0x0000000100000000, 0x0000000100000000)
  eden space 220160K, 0% used [0x00000000ec400000,0x00000000ec400000,0x00000000f9b00000)
  from space 49152K, 76% used [0x00000000f9b00000,0x00000000fbfbc518,0x00000000fcb00000)
  to   space 52736K, 0% used [0x00000000fcc80000,0x00000000fcc80000,0x0000000100000000)
 ParOldGen       total 205824K, used 155790K [0x00000000c4c00000, 0x00000000d1500000, 0x00000000ec400000)
  object space 205824K, 75% used [0x00000000c4c00000,0x00000000ce423b68,0x00000000d1500000)
 Metaspace       used 15801K, capacity 16076K, committed 16384K, reserved 1064960K
  class space    used 1608K, capacity 1707K, committed 1792K, reserved 1048576K
}
Event: 5.101 GC heap before
{Heap before GC invocations=17 (full 3):
 PSYoungGen      total 269312K, used 257777K [0x00000000ec400000, 0x0000000100000000, 0x0000000100000000)
  eden space 220160K, 100% used [0x00000000ec400000,0x00000000f9b00000,0x00000000f9b00000)
  from space 49152K, 76% used [0x00000000f9b00000,0x00000000fbfbc518,0x00000000fcb00000)
  to   space 52736K, 0% used [0x00000000fcc80000,0x00000000fcc80000,0x0000000100000000)
 ParOldGen       total 205824K, used 155790K [0x00000000c4c00000, 0x00000000d1500000, 0x00000000ec400000)
  object space 205824K, 75% used [0x00000000c4c00000,0x00000000ce423b68,0x00000000d1500000)
 Metaspace       used 15801K, capacity 16076K, committed 16384K, reserved 1064960K
  class space    used 1608K, capacity 1707K, committed 1792K, reserved 1048576K
Event: 5.185 GC heap after
Heap after GC invocations=17 (full 3):
 PSYoungGen      total 233984K, used 52715K [0x00000000ec400000, 0x0000000100000000, 0x0000000100000000)
  eden space 181248K, 0% used [0x00000000ec400000,0x00000000ec400000,0x00000000f7500000)
  from space 52736K, 99% used [0x00000000fcc80000,0x00000000ffffacc0,0x0000000100000000)
  to   space 71168K, 0% used [0x00000000f7500000,0x00000000f7500000,0x00000000fba80000)
 ParOldGen       total 205824K, used 181718K [0x00000000c4c00000, 0x00000000d1500000, 0x00000000ec400000)
  object space 205824K, 88% used [0x00000000c4c00000,0x00000000cfd75b68,0x00000000d1500000)
 Metaspace       used 15801K, capacity 16076K, committed 16384K, reserved 1064960K
  class space    used 1608K, capacity 1707K, committed 1792K, reserved 1048576K
}
Event: 5.186 GC heap before
{Heap before GC invocations=18 (full 4):
 PSYoungGen      total 233984K, used 52715K [0x00000000ec400000, 0x0000000100000000, 0x0000000100000000)
  eden space 181248K, 0% used [0x00000000ec400000,0x00000000ec400000,0x00000000f7500000)
  from space 52736K, 99% used [0x00000000fcc80000,0x00000000ffffacc0,0x0000000100000000)
  to   space 71168K, 0% used [0x00000000f7500000,0x00000000f7500000,0x00000000fba80000)
 ParOldGen       total 205824K, used 181718K [0x00000000c4c00000, 0x00000000d1500000, 0x00000000ec400000)
  object space 205824K, 88% used [0x00000000c4c00000,0x00000000cfd75b68,0x00000000d1500000)
 Metaspace       used 15801K, capacity 16076K, committed 16384K, reserved 1064960K
  class space    used 1608K, capacity 1707K, committed 1792K, reserved 1048576K
Event: 5.735 GC heap after
Heap after GC invocations=18 (full 4):
 PSYoungGen      total 233984K, used 28618K [0x00000000ec400000, 0x0000000100000000, 0x0000000100000000)
  eden space 181248K, 0% used [0x00000000ec400000,0x00000000ec400000,0x00000000f7500000)
  from space 52736K, 54% used [0x00000000fcc80000,0x00000000fe872950,0x0000000100000000)
  to   space 71168K, 0% used [0x00000000f7500000,0x00000000f7500000,0x00000000fba80000)
 ParOldGen       total 296448K, used 205516K [0x00000000c4c00000, 0x00000000d6d80000, 0x00000000ec400000)
  object space 296448K, 69% used [0x00000000c4c00000,0x00000000d14b3320,0x00000000d6d80000)
 Metaspace       used 15801K, capacity 16076K, committed 16384K, reserved 1064960K
  class space    used 1608K, capacity 1707K, committed 1792K, reserved 1048576K
}
Event: 5.830 GC heap before
{Heap before GC invocations=19 (full 4):
 PSYoungGen      total 233984K, used 209866K [0x00000000ec400000, 0x0000000100000000, 0x0000000100000000)
  eden space 181248K, 100% used [0x00000000ec400000,0x00000000f7500000,0x00000000f7500000)
  from space 52736K, 54% used [0x00000000fcc80000,0x00000000fe872950,0x0000000100000000)
  to   space 71168K, 0% used [0x00000000f7500000,0x00000000f7500000,0x00000000fba80000)
 ParOldGen       total 296448K, used 205516K [0x00000000c4c00000, 0x00000000d6d80000, 0x00000000ec400000)
  object space 296448K, 69% used [0x00000000c4c00000,0x00000000d14b3320,0x00000000d6d80000)
 Metaspace       used 15801K, capacity 16076K, committed 16384K, reserved 1064960K
  class space    used 1608K, capacity 1707K, committed 1792K, reserved 1048576K
Event: 5.909 GC heap after
Heap after GC invocations=19 (full 4):
 PSYoungGen      total 252416K, used 38549K [0x00000000ec400000, 0x0000000100000000, 0x0000000100000000)
  eden space 181248K, 0% used [0x00000000ec400000,0x00000000ec400000,0x00000000f7500000)
  from space 71168K, 54% used [0x00000000f7500000,0x00000000f9aa57a0,0x00000000fba80000)
  to   space 71168K, 0% used [0x00000000fba80000,0x00000000fba80000,0x0000000100000000)
 ParOldGen       total 296448K, used 234292K [0x00000000c4c00000, 0x00000000d6d80000, 0x00000000ec400000)
  object space 296448K, 79% used [0x00000000c4c00000,0x00000000d30cd320,0x00000000d6d80000)
 Metaspace       used 15801K, capacity 16076K, committed 16384K, reserved 1064960K
  class space    used 1608K, capacity 1707K, committed 1792K, reserved 1048576K
}
Event: 6.014 GC heap before
{Heap before GC invocations=20 (full 4):
 PSYoungGen      total 252416K, used 219797K [0x00000000ec400000, 0x0000000100000000, 0x0000000100000000)
  eden space 181248K, 100% used [0x00000000ec400000,0x00000000f7500000,0x00000000f7500000)
  from space 71168K, 54% used [0x00000000f7500000,0x00000000f9aa57a0,0x00000000fba80000)
  to   space 71168K, 0% used [0x00000000fba80000,0x00000000fba80000,0x0000000100000000)
 ParOldGen       total 296448K, used 234292K [0x00000000c4c00000, 0x00000000d6d80000, 0x00000000ec400000)
  object space 296448K, 79% used [0x00000000c4c00000,0x00000000d30cd320,0x00000000d6d80000)
 Metaspace       used 15801K, capacity 16076K, committed 16384K, reserved 1064960K
  class space    used 1608K, capacity 1707K, committed 1792K, reserved 1048576K
Event: 6.080 GC heap after
Heap after GC invocations=20 (full 4):
 PSYoungGen      total 224768K, used 71146K [0x00000000ec400000, 0x0000000100000000, 0x0000000100000000)
  eden space 153600K, 0% used [0x00000000ec400000,0x00000000ec400000,0x00000000f5a00000)
  from space 71168K, 99% used [0x00000000fba80000,0x00000000ffffab00,0x0000000100000000)
  to   space 84992K, 0% used [0x00000000f5a00000,0x00000000f5a00000,0x00000000fad00000)
 ParOldGen       total 296448K, used 240812K [0x00000000c4c00000, 0x00000000d6d80000, 0x00000000ec400000)
  object space 296448K, 81% used [0x00000000c4c00000,0x00000000d372b320,0x00000000d6d80000)
 Metaspace       used 15801K, capacity 16076K, committed 16384K, reserved 1064960K
  class space    used 1608K, capacity 1707K, committed 1792K, reserved 1048576K
}

